# JRE version: Java(TM) SE Runtime Environment (21.0.7+8) (build 21.0.7+8-LTS-245)
# Java VM: Java HotSpot(TM) 64-Bit Server VM (21.0.7+8-LTS-245, mixed mode, sharing, tiered, compressed oops, compressed class ptrs, g1 gc, windows-amd64)
GC Precious Log:
 CardTable entry size: 512
 Card Set container configuration: InlinePtr #cards 5 size 8 Array Of Cards #cards 12 size 40 Howl #buckets 4 coarsen threshold 1843 Howl Bitmap #cards 512 size 80 coarsen threshold 460 Card regions per heap region 1 cards per card region 2048
 CPUs: 8 total, 8 available
 Memory: 16118M
 Large Page Support: Disabled
 NUMA Support: Disabled
 Compressed Oops: Enabled (32-bit)
 Heap Region Size: 1M
 Heap Min Capacity: 8M
 Heap Initial Capacity: 252M
 Heap Max Capacity: 2G
 Pre-touch: Disabled
 Parallel Workers: 8
 Concurrent Workers: 2
 Concurrent Refinement Workers: 8
 Periodic GC: Disabled
Heap:
 garbage-first heap   total 114688K, used 85329K [0x0000000080000000, 0x0000000100000000)
  region size 1024K, 21 young (21504K), 5 survivors (5120K)
 Metaspace       used 80061K, committed 82368K, reserved 557056K
  class space    used 11213K, committed 12352K, reserved 425984K
GC Heap History (20 events):
Event: 36.352 GC heap before
{Heap before GC invocations=18 (full 0):
 garbage-first heap   total 90112K, used 81332K [0x0000000080000000, 0x0000000100000000)
  region size 1024K, 31 young (31744K), 5 survivors (5120K)
 Metaspace       used 62288K, committed 64256K, reserved 491520K
  class space    used 8717K, committed 9728K, reserved 425984K
}
Event: 36.362 GC heap after
{Heap after GC invocations=19 (full 0):
 garbage-first heap   total 92160K, used 56775K [0x0000000080000000, 0x0000000100000000)
  region size 1024K, 3 young (3072K), 3 survivors (3072K)
 Metaspace       used 62288K, committed 64256K, reserved 491520K
  class space    used 8717K, committed 9728K, reserved 425984K
}
Event: 36.930 GC heap before
{Heap before GC invocations=19 (full 0):
 garbage-first heap   total 92160K, used 81351K [0x0000000080000000, 0x0000000100000000)
  region size 1024K, 28 young (28672K), 3 survivors (3072K)
 Metaspace       used 64133K, committed 66176K, reserved 491520K
  class space    used 8961K, committed 9984K, reserved 425984K
}
Event: 36.934 GC heap after
{Heap after GC invocations=20 (full 0):
 garbage-first heap   total 92160K, used 57704K [0x0000000080000000, 0x0000000100000000)
  region size 1024K, 3 young (3072K), 3 survivors (3072K)
 Metaspace       used 64133K, committed 66176K, reserved 491520K
  class space    used 8961K, committed 9984K, reserved 425984K
}
Event: 37.418 GC heap before
{Heap before GC invocations=21 (full 0):
 garbage-first heap   total 104448K, used 82280K [0x0000000080000000, 0x0000000100000000)
  region size 1024K, 27 young (27648K), 3 survivors (3072K)
 Metaspace       used 65792K, committed 67840K, reserved 491520K
  class space    used 9197K, committed 10240K, reserved 425984K
}
Event: 37.424 GC heap after
{Heap after GC invocations=22 (full 0):
 garbage-first heap   total 104448K, used 58271K [0x0000000080000000, 0x0000000100000000)
  region size 1024K, 2 young (2048K), 2 survivors (2048K)
 Metaspace       used 65792K, committed 67840K, reserved 491520K
  class space    used 9197K, committed 10240K, reserved 425984K
}
Event: 38.400 GC heap before
{Heap before GC invocations=22 (full 0):
 garbage-first heap   total 104448K, used 95135K [0x0000000080000000, 0x0000000100000000)
  region size 1024K, 39 young (39936K), 2 survivors (2048K)
 Metaspace       used 68822K, committed 70976K, reserved 491520K
  class space    used 9680K, committed 10752K, reserved 425984K
}
Event: 38.406 GC heap after
{Heap after GC invocations=23 (full 0):
 garbage-first heap   total 104448K, used 59314K [0x0000000080000000, 0x0000000100000000)
  region size 1024K, 4 young (4096K), 4 survivors (4096K)
 Metaspace       used 68822K, committed 70976K, reserved 491520K
  class space    used 9680K, committed 10752K, reserved 425984K
}
Event: 39.366 GC heap before
{Heap before GC invocations=23 (full 0):
 garbage-first heap   total 104448K, used 93106K [0x0000000080000000, 0x0000000100000000)
  region size 1024K, 37 young (37888K), 4 survivors (4096K)
 Metaspace       used 70415K, committed 72512K, reserved 491520K
  class space    used 9919K, committed 10944K, reserved 425984K
}
Event: 39.373 GC heap after
{Heap after GC invocations=24 (full 0):
 garbage-first heap   total 104448K, used 60944K [0x0000000080000000, 0x0000000100000000)
  region size 1024K, 4 young (4096K), 4 survivors (4096K)
 Metaspace       used 70415K, committed 72512K, reserved 491520K
  class space    used 9919K, committed 10944K, reserved 425984K
}
Event: 40.669 GC heap before
{Heap before GC invocations=25 (full 0):
 garbage-first heap   total 107520K, used 93712K [0x0000000080000000, 0x0000000100000000)
  region size 1024K, 36 young (36864K), 4 survivors (4096K)
 Metaspace       used 71536K, committed 73728K, reserved 491520K
  class space    used 10048K, committed 11136K, reserved 425984K
}
Event: 40.677 GC heap after
{Heap after GC invocations=26 (full 0):
 garbage-first heap   total 107520K, used 62937K [0x0000000080000000, 0x0000000100000000)
  region size 1024K, 4 young (4096K), 4 survivors (4096K)
 Metaspace       used 71536K, committed 73728K, reserved 491520K
  class space    used 10048K, committed 11136K, reserved 425984K
}
Event: 41.783 GC heap before
{Heap before GC invocations=26 (full 0):
 garbage-first heap   total 107520K, used 96729K [0x0000000080000000, 0x0000000100000000)
  region size 1024K, 37 young (37888K), 4 survivors (4096K)
 Metaspace       used 73650K, committed 75840K, reserved 491520K
  class space    used 10308K, committed 11392K, reserved 425984K
}
Event: 41.794 GC heap after
{Heap after GC invocations=27 (full 0):
 garbage-first heap   total 107520K, used 64713K [0x0000000080000000, 0x0000000100000000)
  region size 1024K, 4 young (4096K), 4 survivors (4096K)
 Metaspace       used 73650K, committed 75840K, reserved 491520K
  class space    used 10308K, committed 11392K, reserved 425984K
}
Event: 42.419 GC heap before
{Heap before GC invocations=27 (full 0):
 garbage-first heap   total 107520K, used 96457K [0x0000000080000000, 0x0000000100000000)
  region size 1024K, 35 young (35840K), 4 survivors (4096K)
 Metaspace       used 76273K, committed 78464K, reserved 557056K
  class space    used 10652K, committed 11712K, reserved 425984K
}
Event: 42.427 GC heap after
{Heap after GC invocations=28 (full 0):
 garbage-first heap   total 107520K, used 65606K [0x0000000080000000, 0x0000000100000000)
  region size 1024K, 3 young (3072K), 3 survivors (3072K)
 Metaspace       used 76273K, committed 78464K, reserved 557056K
  class space    used 10652K, committed 11712K, reserved 425984K
}
Event: 43.507 GC heap before
{Heap before GC invocations=29 (full 0):
 garbage-first heap   total 114688K, used 96326K [0x0000000080000000, 0x0000000100000000)
  region size 1024K, 33 young (33792K), 3 survivors (3072K)
 Metaspace       used 77997K, committed 80256K, reserved 557056K
  class space    used 10905K, committed 12032K, reserved 425984K
}
Event: 43.515 GC heap after
{Heap after GC invocations=30 (full 0):
 garbage-first heap   total 114688K, used 67671K [0x0000000080000000, 0x0000000100000000)
  region size 1024K, 3 young (3072K), 3 survivors (3072K)
 Metaspace       used 77997K, committed 80256K, reserved 557056K
  class space    used 10905K, committed 12032K, reserved 425984K
}
Event: 44.795 GC heap before
{Heap before GC invocations=30 (full 0):
 garbage-first heap   total 114688K, used 102487K [0x0000000080000000, 0x0000000100000000)
  region size 1024K, 38 young (38912K), 3 survivors (3072K)
 Metaspace       used 78946K, committed 81280K, reserved 557056K
  class space    used 11014K, committed 12160K, reserved 425984K
}
Event: 44.805 GC heap after
{Heap after GC invocations=31 (full 0):
 garbage-first heap   total 114688K, used 69969K [0x0000000080000000, 0x0000000100000000)
  region size 1024K, 5 young (5120K), 5 survivors (5120K)
 Metaspace       used 78946K, committed 81280K, reserved 557056K
  class space    used 11014K, committed 12160K, reserved 425984K
}

