# JRE version: OpenJDK Runtime Environment Temurin-21.0.10+7 (21.0.10+7) (build 21.0.10+7-LTS)
# Java VM: OpenJDK 64-Bit Server VM Temurin-21.0.10+7 (21.0.10+7-LTS, mixed mode, sharing, tiered, compressed oops, compressed class ptrs, parallel gc, windows-amd64)
GC Precious Log:
 CardTable entry size: 512
 CPUs: 8 total, 8 available
 Memory: 16118M
 Large Page Support: Disabled
 NUMA Support: Disabled
 Compressed Oops: Enabled (32-bit)
 Alignments: Space 512K, Generation 512K, Heap 2M
 Heap Min Capacity: 100M
 Heap Initial Capacity: 100M
 Heap Max Capacity: 2G
 Pre-touch: Disabled
 Parallel Workers: 8
Heap:
 PSYoungGen      total 22528K, used 4487K [0x00000000d5580000, 0x00000000d7600000, 0x0000000100000000)
  eden space 22016K, 18% used [0x00000000d5580000,0x00000000d5965da8,0x00000000d6b00000)
  from space 512K, 96% used [0x00000000d7580000,0x00000000d75fc010,0x00000000d7600000)
  to   space 3072K, 0% used [0x00000000d7000000,0x00000000d7000000,0x00000000d7300000)
 ParOldGen       total 68608K, used 38837K [0x0000000080000000, 0x0000000084300000, 0x00000000d5580000)
  object space 68608K, 56% used [0x0000000080000000,0x00000000825ed788,0x0000000084300000)
 Metaspace       used 51544K, committed 52800K, reserved 1114112K
  class space    used 6060K, committed 6592K, reserved 1048576K
GC Heap History (20 events):
Event: 99.815 GC heap before
{Heap before GC invocations=17 (full 2):
 PSYoungGen      total 23040K, used 22784K [0x00000000d5580000, 0x00000000d7180000, 0x0000000100000000)
  eden space 22016K, 100% used [0x00000000d5580000,0x00000000d6b00000,0x00000000d6b00000)
  from space 1024K, 75% used [0x00000000d7080000,0x00000000d7140020,0x00000000d7180000)
  to   space 1024K, 0% used [0x00000000d6f80000,0x00000000d6f80000,0x00000000d7080000)
 ParOldGen       total 68608K, used 19181K [0x0000000080000000, 0x0000000084300000, 0x00000000d5580000)
  object space 68608K, 27% used [0x0000000080000000,0x00000000812bb7c0,0x0000000084300000)
 Metaspace       used 38601K, committed 39744K, reserved 1114112K
  class space    used 4156K, committed 4672K, reserved 1048576K
}
Event: 99.818 GC heap after
{Heap after GC invocations=17 (full 2):
 PSYoungGen      total 23040K, used 992K [0x00000000d5580000, 0x00000000d7100000, 0x0000000100000000)
  eden space 22016K, 0% used [0x00000000d5580000,0x00000000d5580000,0x00000000d6b00000)
  from space 1024K, 96% used [0x00000000d6f80000,0x00000000d7078010,0x00000000d7080000)
  to   space 512K, 0% used [0x00000000d7080000,0x00000000d7080000,0x00000000d7100000)
 ParOldGen       total 68608K, used 20377K [0x0000000080000000, 0x0000000084300000, 0x00000000d5580000)
  object space 68608K, 29% used [0x0000000080000000,0x00000000813e64c8,0x0000000084300000)
 Metaspace       used 38601K, committed 39744K, reserved 1114112K
  class space    used 4156K, committed 4672K, reserved 1048576K
}
Event: 101.359 GC heap before
{Heap before GC invocations=18 (full 2):
 PSYoungGen      total 23040K, used 23008K [0x00000000d5580000, 0x00000000d7100000, 0x0000000100000000)
  eden space 22016K, 100% used [0x00000000d5580000,0x00000000d6b00000,0x00000000d6b00000)
  from space 1024K, 96% used [0x00000000d6f80000,0x00000000d7078010,0x00000000d7080000)
  to   space 512K, 0% used [0x00000000d7080000,0x00000000d7080000,0x00000000d7100000)
 ParOldGen       total 68608K, used 20377K [0x0000000080000000, 0x0000000084300000, 0x00000000d5580000)
  object space 68608K, 29% used [0x0000000080000000,0x00000000813e64c8,0x0000000084300000)
 Metaspace       used 40341K, committed 41472K, reserved 1114112K
  class space    used 4384K, committed 4864K, reserved 1048576K
}
Event: 101.361 GC heap after
{Heap after GC invocations=18 (full 2):
 PSYoungGen      total 22528K, used 502K [0x00000000d5580000, 0x00000000d7100000, 0x0000000100000000)
  eden space 22016K, 0% used [0x00000000d5580000,0x00000000d5580000,0x00000000d6b00000)
  from space 512K, 98% used [0x00000000d7080000,0x00000000d70fdab0,0x00000000d7100000)
  to   space 2048K, 0% used [0x00000000d6d00000,0x00000000d6d00000,0x00000000d6f00000)
 ParOldGen       total 68608K, used 21286K [0x0000000080000000, 0x0000000084300000, 0x00000000d5580000)
  object space 68608K, 31% used [0x0000000080000000,0x00000000814c9a28,0x0000000084300000)
 Metaspace       used 40341K, committed 41472K, reserved 1114112K
  class space    used 4384K, committed 4864K, reserved 1048576K
}
Event: 102.483 GC heap before
{Heap before GC invocations=19 (full 2):
 PSYoungGen      total 22528K, used 22518K [0x00000000d5580000, 0x00000000d7100000, 0x0000000100000000)
  eden space 22016K, 100% used [0x00000000d5580000,0x00000000d6b00000,0x00000000d6b00000)
  from space 512K, 98% used [0x00000000d7080000,0x00000000d70fdab0,0x00000000d7100000)
  to   space 2048K, 0% used [0x00000000d6d00000,0x00000000d6d00000,0x00000000d6f00000)
 ParOldGen       total 68608K, used 21286K [0x0000000080000000, 0x0000000084300000, 0x00000000d5580000)
  object space 68608K, 31% used [0x0000000080000000,0x00000000814c9a28,0x0000000084300000)
 Metaspace       used 42668K, committed 43776K, reserved 1114112K
  class space    used 4694K, committed 5184K, reserved 1048576K
}
Event: 102.486 GC heap after
{Heap after GC invocations=19 (full 2):
 PSYoungGen      total 24064K, used 1242K [0x00000000d5580000, 0x00000000d7100000, 0x0000000100000000)
  eden space 22016K, 0% used [0x00000000d5580000,0x00000000d5580000,0x00000000d6b00000)
  from space 2048K, 60% used [0x00000000d6d00000,0x00000000d6e36908,0x00000000d6f00000)
  to   space 1536K, 0% used [0x00000000d6f80000,0x00000000d6f80000,0x00000000d7100000)
 ParOldGen       total 68608K, used 21711K [0x0000000080000000, 0x0000000084300000, 0x00000000d5580000)
  object space 68608K, 31% used [0x0000000080000000,0x0000000081533f30,0x0000000084300000)
 Metaspace       used 42668K, committed 43776K, reserved 1114112K
  class space    used 4694K, committed 5184K, reserved 1048576K
}
Event: 103.984 GC heap before
{Heap before GC invocations=20 (full 2):
 PSYoungGen      total 24064K, used 23258K [0x00000000d5580000, 0x00000000d7100000, 0x0000000100000000)
  eden space 22016K, 99% used [0x00000000d5580000,0x00000000d6affff0,0x00000000d6b00000)
  from space 2048K, 60% used [0x00000000d6d00000,0x00000000d6e36908,0x00000000d6f00000)
  to   space 1536K, 0% used [0x00000000d6f80000,0x00000000d6f80000,0x00000000d7100000)
 ParOldGen       total 68608K, used 21711K [0x0000000080000000, 0x0000000084300000, 0x00000000d5580000)
  object space 68608K, 31% used [0x0000000080000000,0x0000000081533f30,0x0000000084300000)
 Metaspace       used 45171K, committed 46272K, reserved 1114112K
  class space    used 5035K, committed 5504K, reserved 1048576K
}
Event: 103.988 GC heap after
{Heap after GC invocations=20 (full 2):
 PSYoungGen      total 23552K, used 1525K [0x00000000d5580000, 0x00000000d7100000, 0x0000000100000000)
  eden space 22016K, 0% used [0x00000000d5580000,0x00000000d5580000,0x00000000d6b00000)
  from space 1536K, 99% used [0x00000000d6f80000,0x00000000d70fd608,0x00000000d7100000)
  to   space 3072K, 0% used [0x00000000d6b00000,0x00000000d6b00000,0x00000000d6e00000)
 ParOldGen       total 68608K, used 22802K [0x0000000080000000, 0x0000000084300000, 0x00000000d5580000)
  object space 68608K, 33% used [0x0000000080000000,0x00000000816449a8,0x0000000084300000)
 Metaspace       used 45171K, committed 46272K, reserved 1114112K
  class space    used 5035K, committed 5504K, reserved 1048576K
}
Event: 147.867 GC heap before
{Heap before GC invocations=21 (full 2):
 PSYoungGen      total 23552K, used 23541K [0x00000000d5580000, 0x00000000d7100000, 0x0000000100000000)
  eden space 22016K, 100% used [0x00000000d5580000,0x00000000d6b00000,0x00000000d6b00000)
  from space 1536K, 99% used [0x00000000d6f80000,0x00000000d70fd608,0x00000000d7100000)
  to   space 3072K, 0% used [0x00000000d6b00000,0x00000000d6b00000,0x00000000d6e00000)
 ParOldGen       total 68608K, used 22802K [0x0000000080000000, 0x0000000084300000, 0x00000000d5580000)
  object space 68608K, 33% used [0x0000000080000000,0x00000000816449a8,0x0000000084300000)
 Metaspace       used 46652K, committed 47872K, reserved 1114112K
  class space    used 5221K, committed 5760K, reserved 1048576K
}
Event: 147.871 GC heap after
{Heap after GC invocations=21 (full 2):
 PSYoungGen      total 25088K, used 3071K [0x00000000d5580000, 0x00000000d8200000, 0x0000000100000000)
  eden space 22016K, 0% used [0x00000000d5580000,0x00000000d5580000,0x00000000d6b00000)
  from space 3072K, 99% used [0x00000000d6b00000,0x00000000d6dffeb0,0x00000000d6e00000)
  to   space 11776K, 0% used [0x00000000d7680000,0x00000000d7680000,0x00000000d8200000)
 ParOldGen       total 68608K, used 29689K [0x0000000080000000, 0x0000000084300000, 0x00000000d5580000)
  object space 68608K, 43% used [0x0000000080000000,0x0000000081cfe718,0x0000000084300000)
 Metaspace       used 46652K, committed 47872K, reserved 1114112K
  class space    used 5221K, committed 5760K, reserved 1048576K
}
Event: 148.944 GC heap before
{Heap before GC invocations=22 (full 2):
 PSYoungGen      total 25088K, used 25087K [0x00000000d5580000, 0x00000000d8200000, 0x0000000100000000)
  eden space 22016K, 99% used [0x00000000d5580000,0x00000000d6affed8,0x00000000d6b00000)
  from space 3072K, 99% used [0x00000000d6b00000,0x00000000d6dffeb0,0x00000000d6e00000)
  to   space 11776K, 0% used [0x00000000d7680000,0x00000000d7680000,0x00000000d8200000)
 ParOldGen       total 68608K, used 29689K [0x0000000080000000, 0x0000000084300000, 0x00000000d5580000)
  object space 68608K, 43% used [0x0000000080000000,0x0000000081cfe718,0x0000000084300000)
 Metaspace       used 48315K, committed 49472K, reserved 1114112K
  class space    used 5521K, committed 6016K, reserved 1048576K
}
Event: 148.947 GC heap after
{Heap after GC invocations=22 (full 2):
 PSYoungGen      total 23040K, used 864K [0x00000000d5580000, 0x00000000d7780000, 0x0000000100000000)
  eden space 22016K, 0% used [0x00000000d5580000,0x00000000d5580000,0x00000000d6b00000)
  from space 1024K, 84% used [0x00000000d7680000,0x00000000d7758000,0x00000000d7780000)
  to   space 4608K, 0% used [0x00000000d6e80000,0x00000000d6e80000,0x00000000d7300000)
 ParOldGen       total 68608K, used 32758K [0x0000000080000000, 0x0000000084300000, 0x00000000d5580000)
  object space 68608K, 47% used [0x0000000080000000,0x0000000081ffdbe8,0x0000000084300000)
 Metaspace       used 48315K, committed 49472K, reserved 1114112K
  class space    used 5521K, committed 6016K, reserved 1048576K
}
Event: 152.552 GC heap before
{Heap before GC invocations=23 (full 2):
 PSYoungGen      total 23040K, used 22879K [0x00000000d5580000, 0x00000000d7780000, 0x0000000100000000)
  eden space 22016K, 99% used [0x00000000d5580000,0x00000000d6afffd0,0x00000000d6b00000)
  from space 1024K, 84% used [0x00000000d7680000,0x00000000d7758000,0x00000000d7780000)
  to   space 4608K, 0% used [0x00000000d6e80000,0x00000000d6e80000,0x00000000d7300000)
 ParOldGen       total 68608K, used 32758K [0x0000000080000000, 0x0000000084300000, 0x00000000d5580000)
  object space 68608K, 47% used [0x0000000080000000,0x0000000081ffdbe8,0x0000000084300000)
 Metaspace       used 48513K, committed 49728K, reserved 1114112K
  class space    used 5539K, committed 6080K, reserved 1048576K
}
Event: 152.554 GC heap after
{Heap after GC invocations=23 (full 2):
 PSYoungGen      total 26624K, used 704K [0x00000000d5580000, 0x00000000d7700000, 0x0000000100000000)
  eden space 22016K, 0% used [0x00000000d5580000,0x00000000d5580000,0x00000000d6b00000)
  from space 4608K, 15% used [0x00000000d6e80000,0x00000000d6f30000,0x00000000d7300000)
  to   space 1536K, 0% used [0x00000000d7580000,0x00000000d7580000,0x00000000d7700000)
 ParOldGen       total 68608K, used 33507K [0x0000000080000000, 0x0000000084300000, 0x00000000d5580000)
  object space 68608K, 48% used [0x0000000080000000,0x00000000820b8c08,0x0000000084300000)
 Metaspace       used 48513K, committed 49728K, reserved 1114112K
  class space    used 5539K, committed 6080K, reserved 1048576K
}
Event: 167.312 GC heap before
{Heap before GC invocations=24 (full 2):
 PSYoungGen      total 26624K, used 22720K [0x00000000d5580000, 0x00000000d7700000, 0x0000000100000000)
  eden space 22016K, 100% used [0x00000000d5580000,0x00000000d6b00000,0x00000000d6b00000)
  from space 4608K, 15% used [0x00000000d6e80000,0x00000000d6f30000,0x00000000d7300000)
  to   space 1536K, 0% used [0x00000000d7580000,0x00000000d7580000,0x00000000d7700000)
 ParOldGen       total 68608K, used 33507K [0x0000000080000000, 0x0000000084300000, 0x00000000d5580000)
  object space 68608K, 48% used [0x0000000080000000,0x00000000820b8c08,0x0000000084300000)
 Metaspace       used 48518K, committed 49728K, reserved 1114112K
  class space    used 5539K, committed 6080K, reserved 1048576K
}
Event: 167.314 GC heap after
{Heap after GC invocations=24 (full 2):
 PSYoungGen      total 23040K, used 640K [0x00000000d5580000, 0x00000000d7680000, 0x0000000100000000)
  eden space 22016K, 0% used [0x00000000d5580000,0x00000000d5580000,0x00000000d6b00000)
  from space 1024K, 62% used [0x00000000d7580000,0x00000000d7620000,0x00000000d7680000)
  to   space 1024K, 0% used [0x00000000d7480000,0x00000000d7480000,0x00000000d7580000)
 ParOldGen       total 68608K, used 34035K [0x0000000080000000, 0x0000000084300000, 0x00000000d5580000)
  object space 68608K, 49% used [0x0000000080000000,0x000000008213cfa8,0x0000000084300000)
 Metaspace       used 48518K, committed 49728K, reserved 1114112K
  class space    used 5539K, committed 6080K, reserved 1048576K
}
Event: 179.312 GC heap before
{Heap before GC invocations=25 (full 2):
 PSYoungGen      total 23040K, used 22656K [0x00000000d5580000, 0x00000000d7680000, 0x0000000100000000)
  eden space 22016K, 100% used [0x00000000d5580000,0x00000000d6b00000,0x00000000d6b00000)
  from space 1024K, 62% used [0x00000000d7580000,0x00000000d7620000,0x00000000d7680000)
  to   space 1024K, 0% used [0x00000000d7480000,0x00000000d7480000,0x00000000d7580000)
 ParOldGen       total 68608K, used 34035K [0x0000000080000000, 0x0000000084300000, 0x00000000d5580000)
  object space 68608K, 49% used [0x0000000080000000,0x000000008213cfa8,0x0000000084300000)
 Metaspace       used 48811K, committed 50048K, reserved 1114112K
  class space    used 5601K, committed 6144K, reserved 1048576K
}
Event: 179.315 GC heap after
{Heap after GC invocations=25 (full 2):
 PSYoungGen      total 23040K, used 1022K [0x00000000d5580000, 0x00000000d7600000, 0x0000000100000000)
  eden space 22016K, 0% used [0x00000000d5580000,0x00000000d5580000,0x00000000d6b00000)
  from space 1024K, 99% used [0x00000000d7480000,0x00000000d757faa8,0x00000000d7580000)
  to   space 512K, 0% used [0x00000000d7580000,0x00000000d7580000,0x00000000d7600000)
 ParOldGen       total 68608K, used 37559K [0x0000000080000000, 0x0000000084300000, 0x00000000d5580000)
  object space 68608K, 54% used [0x0000000080000000,0x00000000824adea8,0x0000000084300000)
 Metaspace       used 48811K, committed 50048K, reserved 1114112K
  class space    used 5601K, committed 6144K, reserved 1048576K
}
Event: 180.710 GC heap before
{Heap before GC invocations=26 (full 2):
 PSYoungGen      total 23040K, used 23038K [0x00000000d5580000, 0x00000000d7600000, 0x0000000100000000)
  eden space 22016K, 100% used [0x00000000d5580000,0x00000000d6b00000,0x00000000d6b00000)
  from space 1024K, 99% used [0x00000000d7480000,0x00000000d757faa8,0x00000000d7580000)
  to   space 512K, 0% used [0x00000000d7580000,0x00000000d7580000,0x00000000d7600000)
 ParOldGen       total 68608K, used 37559K [0x0000000080000000, 0x0000000084300000, 0x00000000d5580000)
  object space 68608K, 54% used [0x0000000080000000,0x00000000824adea8,0x0000000084300000)
 Metaspace       used 51141K, committed 52416K, reserved 1114112K
  class space    used 5995K, committed 6528K, reserved 1048576K
}
Event: 180.712 GC heap after
{Heap after GC invocations=26 (full 2):
 PSYoungGen      total 22528K, used 496K [0x00000000d5580000, 0x00000000d7600000, 0x0000000100000000)
  eden space 22016K, 0% used [0x00000000d5580000,0x00000000d5580000,0x00000000d6b00000)
  from space 512K, 96% used [0x00000000d7580000,0x00000000d75fc010,0x00000000d7600000)
  to   space 3072K, 0% used [0x00000000d7000000,0x00000000d7000000,0x00000000d7300000)
 ParOldGen       total 68608K, used 38837K [0x0000000080000000, 0x0000000084300000, 0x00000000d5580000)
  object space 68608K, 56% used [0x0000000080000000,0x00000000825ed788,0x0000000084300000)
 Metaspace       used 51141K, committed 52416K, reserved 1114112K
  class space    used 5995K, committed 6528K, reserved 1048576K
}

