# JRE version: OpenJDK Runtime Environment Temurin-21.0.10+7 (21.0.10+7) (build 21.0.10+7-LTS)
# Java VM: OpenJDK 64-Bit Server VM Temurin-21.0.10+7 (21.0.10+7-LTS, mixed mode, sharing, tiered, compressed oops, compressed class ptrs, g1 gc, windows-amd64)
GC Precious Log:
 CardTable entry size: 512
 Card Set container configuration: InlinePtr #cards 5 size 8 Array Of Cards #cards 12 size 40 Howl #buckets 4 coarsen threshold 1843 Howl Bitmap #cards 512 size 80 coarsen threshold 460 Card regions per heap region 1 cards per card region 2048
 CPUs: 8 total, 8 available
 Memory: 16118M
 Large Page Support: Disabled
 NUMA Support: Disabled
 Compressed Oops: Enabled (32-bit)
 Heap Region Size: 1M
 Heap Min Capacity: 8M
 Heap Initial Capacity: 252M
 Heap Max Capacity: 2G
 Pre-touch: Disabled
 Parallel Workers: 8
 Concurrent Workers: 2
 Concurrent Refinement Workers: 8
 Periodic GC: Disabled
Heap:
 garbage-first heap   total 278528K, used 239610K [0x0000000080000000, 0x0000000100000000)
  region size 1024K, 72 young (73728K), 3 survivors (3072K)
 Metaspace       used 124772K, committed 127744K, reserved 557056K
  class space    used 17788K, committed 19264K, reserved 425984K
GC Heap History (20 events):
Event: 122.986 GC heap before
{Heap before GC invocations=56 (full 0):
 garbage-first heap   total 196608K, used 167058K [0x0000000080000000, 0x0000000100000000)
  region size 1024K, 53 young (54272K), 4 survivors (4096K)
 Metaspace       used 104017K, committed 106560K, reserved 557056K
  class space    used 14710K, committed 15936K, reserved 425984K
}
Event: 122.999 GC heap after
{Heap after GC invocations=57 (full 0):
 garbage-first heap   total 196608K, used 120232K [0x0000000080000000, 0x0000000100000000)
  region size 1024K, 7 young (7168K), 7 survivors (7168K)
 Metaspace       used 104017K, committed 106560K, reserved 557056K
  class space    used 14710K, committed 15936K, reserved 425984K
}
Event: 125.095 GC heap before
{Heap before GC invocations=57 (full 0):
 garbage-first heap   total 196608K, used 176552K [0x0000000080000000, 0x0000000100000000)
  region size 1024K, 62 young (63488K), 7 survivors (7168K)
 Metaspace       used 105959K, committed 108480K, reserved 557056K
  class space    used 14986K, committed 16192K, reserved 425984K
}
Event: 125.118 GC heap after
{Heap after GC invocations=58 (full 0):
 garbage-first heap   total 196608K, used 123260K [0x0000000080000000, 0x0000000100000000)
  region size 1024K, 7 young (7168K), 7 survivors (7168K)
 Metaspace       used 105959K, committed 108480K, reserved 557056K
  class space    used 14986K, committed 16192K, reserved 425984K
}
Event: 125.870 GC heap before
{Heap before GC invocations=58 (full 0):
 garbage-first heap   total 196608K, used 142716K [0x0000000080000000, 0x0000000100000000)
  region size 1024K, 27 young (27648K), 7 survivors (7168K)
 Metaspace       used 107087K, committed 109568K, reserved 557056K
  class space    used 15158K, committed 16384K, reserved 425984K
}
Event: 125.884 GC heap after
{Heap after GC invocations=59 (full 0):
 garbage-first heap   total 196608K, used 124832K [0x0000000080000000, 0x0000000100000000)
  region size 1024K, 5 young (5120K), 5 survivors (5120K)
 Metaspace       used 107087K, committed 109568K, reserved 557056K
  class space    used 15158K, committed 16384K, reserved 425984K
}
Event: 129.236 GC heap before
{Heap before GC invocations=60 (full 0):
 garbage-first heap   total 209920K, used 182176K [0x0000000080000000, 0x0000000100000000)
  region size 1024K, 60 young (61440K), 5 survivors (5120K)
 Metaspace       used 110354K, committed 112896K, reserved 557056K
  class space    used 15744K, committed 16960K, reserved 425984K
}
Event: 129.248 GC heap after
{Heap after GC invocations=61 (full 0):
 garbage-first heap   total 209920K, used 126530K [0x0000000080000000, 0x0000000100000000)
  region size 1024K, 3 young (3072K), 3 survivors (3072K)
 Metaspace       used 110354K, committed 112896K, reserved 557056K
  class space    used 15744K, committed 16960K, reserved 425984K
}
Event: 132.969 GC heap before
{Heap before GC invocations=61 (full 0):
 garbage-first heap   total 209920K, used 193090K [0x0000000080000000, 0x0000000100000000)
  region size 1024K, 68 young (69632K), 3 survivors (3072K)
 Metaspace       used 113996K, committed 116608K, reserved 557056K
  class space    used 16272K, committed 17536K, reserved 425984K
}
Event: 132.987 GC heap after
{Heap after GC invocations=62 (full 0):
 garbage-first heap   total 209920K, used 130065K [0x0000000080000000, 0x0000000100000000)
  region size 1024K, 7 young (7168K), 7 survivors (7168K)
 Metaspace       used 113996K, committed 116608K, reserved 557056K
  class space    used 16272K, committed 17536K, reserved 425984K
}
Event: 138.145 GC heap before
{Heap before GC invocations=62 (full 0):
 garbage-first heap   total 209920K, used 194577K [0x0000000080000000, 0x0000000100000000)
  region size 1024K, 70 young (71680K), 7 survivors (7168K)
 Metaspace       used 116093K, committed 118848K, reserved 557056K
  class space    used 16613K, committed 17920K, reserved 425984K
}
Event: 138.168 GC heap after
{Heap after GC invocations=63 (full 0):
 garbage-first heap   total 209920K, used 137834K [0x0000000080000000, 0x0000000100000000)
  region size 1024K, 9 young (9216K), 9 survivors (9216K)
 Metaspace       used 116093K, committed 118848K, reserved 557056K
  class space    used 16613K, committed 17920K, reserved 425984K
}
Event: 145.339 GC heap before
{Heap before GC invocations=64 (full 0):
 garbage-first heap   total 230400K, used 193130K [0x0000000080000000, 0x0000000100000000)
  region size 1024K, 64 young (65536K), 9 survivors (9216K)
 Metaspace       used 117087K, committed 119808K, reserved 557056K
  class space    used 16767K, committed 18112K, reserved 425984K
}
Event: 145.370 GC heap after
{Heap after GC invocations=65 (full 0):
 garbage-first heap   total 230400K, used 146224K [0x0000000080000000, 0x0000000100000000)
  region size 1024K, 8 young (8192K), 8 survivors (8192K)
 Metaspace       used 117087K, committed 119808K, reserved 557056K
  class space    used 16767K, committed 18112K, reserved 425984K
}
Event: 150.098 GC heap before
{Heap before GC invocations=65 (full 0):
 garbage-first heap   total 230400K, used 210736K [0x0000000080000000, 0x0000000100000000)
  region size 1024K, 71 young (72704K), 8 survivors (8192K)
 Metaspace       used 117905K, committed 120768K, reserved 557056K
  class space    used 16880K, committed 18304K, reserved 425984K
}
Event: 150.129 GC heap after
{Heap after GC invocations=66 (full 0):
 garbage-first heap   total 231424K, used 156236K [0x0000000080000000, 0x0000000100000000)
  region size 1024K, 9 young (9216K), 9 survivors (9216K)
 Metaspace       used 117905K, committed 120768K, reserved 557056K
  class space    used 16880K, committed 18304K, reserved 425984K
}
Event: 154.209 GC heap before
{Heap before GC invocations=66 (full 0):
 garbage-first heap   total 231424K, used 211532K [0x0000000080000000, 0x0000000100000000)
  region size 1024K, 63 young (64512K), 9 survivors (9216K)
 Metaspace       used 118442K, committed 121344K, reserved 557056K
  class space    used 16973K, committed 18432K, reserved 425984K
}
Event: 154.240 GC heap after
{Heap after GC invocations=67 (full 0):
 garbage-first heap   total 231424K, used 166755K [0x0000000080000000, 0x0000000100000000)
  region size 1024K, 8 young (8192K), 8 survivors (8192K)
 Metaspace       used 118442K, committed 121344K, reserved 557056K
  class space    used 16973K, committed 18432K, reserved 425984K
}
Event: 156.857 GC heap before
{Heap before GC invocations=68 (full 0):
 garbage-first heap   total 278528K, used 212835K [0x0000000080000000, 0x0000000100000000)
  region size 1024K, 53 young (54272K), 8 survivors (8192K)
 Metaspace       used 121144K, committed 124032K, reserved 557056K
  class space    used 17403K, committed 18816K, reserved 425984K
}
Event: 156.877 GC heap after
{Heap after GC invocations=69 (full 0):
 garbage-first heap   total 278528K, used 171002K [0x0000000080000000, 0x0000000100000000)
  region size 1024K, 3 young (3072K), 3 survivors (3072K)
 Metaspace       used 121144K, committed 124032K, reserved 557056K
  class space    used 17403K, committed 18816K, reserved 425984K
}

