# JRE version: OpenJDK Runtime Environment Temurin-21.0.10+7 (21.0.10+7) (build 21.0.10+7-LTS)
# Java VM: OpenJDK 64-Bit Server VM Temurin-21.0.10+7 (21.0.10+7-LTS, mixed mode, sharing, tiered, compressed oops, compressed class ptrs, parallel gc, windows-amd64)
GC Precious Log:
 CardTable entry size: 512
 CPUs: 8 total, 8 available
 Memory: 16118M
 Large Page Support: Disabled
 NUMA Support: Disabled
 Compressed Oops: Enabled (32-bit)
 Alignments: Space 512K, Generation 512K, Heap 2M
 Heap Min Capacity: 100M
 Heap Initial Capacity: 100M
 Heap Max Capacity: 2G
 Pre-touch: Disabled
 Parallel Workers: 8
Heap:
 PSYoungGen      total 22528K, used 2948K [0x00000000d5580000, 0x00000000d7200000, 0x0000000100000000)
  eden space 22016K, 11% used [0x00000000d5580000,0x00000000d57e1158,0x00000000d6b00000)
  from space 512K, 100% used [0x00000000d7180000,0x00000000d7200000,0x00000000d7200000)
  to   space 1536K, 0% used [0x00000000d6f00000,0x00000000d6f00000,0x00000000d7080000)
 ParOldGen       total 68608K, used 41644K [0x0000000080000000, 0x0000000084300000, 0x00000000d5580000)
  object space 68608K, 60% used [0x0000000080000000,0x00000000828ab160,0x0000000084300000)
 Metaspace       used 64316K, committed 65728K, reserved 1114112K
  class space    used 8156K, committed 8768K, reserved 1048576K
GC Heap History (20 events):
Event: 33.865 GC heap before
{Heap before GC invocations=34 (full 3):
 PSYoungGen      total 22528K, used 22528K [0x00000000d5580000, 0x00000000d7380000, 0x0000000100000000)
  eden space 22016K, 100% used [0x00000000d5580000,0x00000000d6b00000,0x00000000d6b00000)
  from space 512K, 100% used [0x00000000d7300000,0x00000000d7380000,0x00000000d7380000)
  to   space 1024K, 0% used [0x00000000d7180000,0x00000000d7180000,0x00000000d7280000)
 ParOldGen       total 68608K, used 38878K [0x0000000080000000, 0x0000000084300000, 0x00000000d5580000)
  object space 68608K, 56% used [0x0000000080000000,0x00000000825f7980,0x0000000084300000)
 Metaspace       used 60186K, committed 61568K, reserved 1114112K
  class space    used 7597K, committed 8192K, reserved 1048576K
}
Event: 33.867 GC heap after
{Heap after GC invocations=34 (full 3):
 PSYoungGen      total 23040K, used 1020K [0x00000000d5580000, 0x00000000d7380000, 0x0000000100000000)
  eden space 22016K, 0% used [0x00000000d5580000,0x00000000d5580000,0x00000000d6b00000)
  from space 1024K, 99% used [0x00000000d7180000,0x00000000d727f228,0x00000000d7280000)
  to   space 1024K, 0% used [0x00000000d7280000,0x00000000d7280000,0x00000000d7380000)
 ParOldGen       total 68608K, used 39840K [0x0000000080000000, 0x0000000084300000, 0x00000000d5580000)
  object space 68608K, 58% used [0x0000000080000000,0x00000000826e8060,0x0000000084300000)
 Metaspace       used 60186K, committed 61568K, reserved 1114112K
  class space    used 7597K, committed 8192K, reserved 1048576K
}
Event: 34.202 GC heap before
{Heap before GC invocations=35 (full 3):
 PSYoungGen      total 23040K, used 23036K [0x00000000d5580000, 0x00000000d7380000, 0x0000000100000000)
  eden space 22016K, 100% used [0x00000000d5580000,0x00000000d6b00000,0x00000000d6b00000)
  from space 1024K, 99% used [0x00000000d7180000,0x00000000d727f228,0x00000000d7280000)
  to   space 1024K, 0% used [0x00000000d7280000,0x00000000d7280000,0x00000000d7380000)
 ParOldGen       total 68608K, used 39840K [0x0000000080000000, 0x0000000084300000, 0x00000000d5580000)
  object space 68608K, 58% used [0x0000000080000000,0x00000000826e8060,0x0000000084300000)
 Metaspace       used 60186K, committed 61568K, reserved 1114112K
  class space    used 7597K, committed 8192K, reserved 1048576K
}
Event: 34.204 GC heap after
{Heap after GC invocations=35 (full 3):
 PSYoungGen      total 23040K, used 992K [0x00000000d5580000, 0x00000000d7380000, 0x0000000100000000)
  eden space 22016K, 0% used [0x00000000d5580000,0x00000000d5580000,0x00000000d6b00000)
  from space 1024K, 96% used [0x00000000d7280000,0x00000000d73781b8,0x00000000d7380000)
  to   space 2048K, 0% used [0x00000000d6f80000,0x00000000d6f80000,0x00000000d7180000)
 ParOldGen       total 68608K, used 40381K [0x0000000080000000, 0x0000000084300000, 0x00000000d5580000)
  object space 68608K, 58% used [0x0000000080000000,0x000000008276f588,0x0000000084300000)
 Metaspace       used 60186K, committed 61568K, reserved 1114112K
  class space    used 7597K, committed 8192K, reserved 1048576K
}
Event: 34.559 GC heap before
{Heap before GC invocations=36 (full 3):
 PSYoungGen      total 23040K, used 23008K [0x00000000d5580000, 0x00000000d7380000, 0x0000000100000000)
  eden space 22016K, 100% used [0x00000000d5580000,0x00000000d6b00000,0x00000000d6b00000)
  from space 1024K, 96% used [0x00000000d7280000,0x00000000d73781b8,0x00000000d7380000)
  to   space 2048K, 0% used [0x00000000d6f80000,0x00000000d6f80000,0x00000000d7180000)
 ParOldGen       total 68608K, used 40381K [0x0000000080000000, 0x0000000084300000, 0x00000000d5580000)
  object space 68608K, 58% used [0x0000000080000000,0x000000008276f588,0x0000000084300000)
 Metaspace       used 60186K, committed 61568K, reserved 1114112K
  class space    used 7597K, committed 8192K, reserved 1048576K
}
Event: 34.561 GC heap after
{Heap after GC invocations=36 (full 3):
 PSYoungGen      total 24064K, used 1107K [0x00000000d5580000, 0x00000000d7300000, 0x0000000100000000)
  eden space 22016K, 0% used [0x00000000d5580000,0x00000000d5580000,0x00000000d6b00000)
  from space 2048K, 54% used [0x00000000d6f80000,0x00000000d7094e40,0x00000000d7180000)
  to   space 1536K, 0% used [0x00000000d7180000,0x00000000d7180000,0x00000000d7300000)
 ParOldGen       total 68608K, used 40429K [0x0000000080000000, 0x0000000084300000, 0x00000000d5580000)
  object space 68608K, 58% used [0x0000000080000000,0x000000008277b588,0x0000000084300000)
 Metaspace       used 60186K, committed 61568K, reserved 1114112K
  class space    used 7597K, committed 8192K, reserved 1048576K
}
Event: 35.021 GC heap before
{Heap before GC invocations=37 (full 3):
 PSYoungGen      total 24064K, used 23123K [0x00000000d5580000, 0x00000000d7300000, 0x0000000100000000)
  eden space 22016K, 100% used [0x00000000d5580000,0x00000000d6b00000,0x00000000d6b00000)
  from space 2048K, 54% used [0x00000000d6f80000,0x00000000d7094e40,0x00000000d7180000)
  to   space 1536K, 0% used [0x00000000d7180000,0x00000000d7180000,0x00000000d7300000)
 ParOldGen       total 68608K, used 40429K [0x0000000080000000, 0x0000000084300000, 0x00000000d5580000)
  object space 68608K, 58% used [0x0000000080000000,0x000000008277b588,0x0000000084300000)
 Metaspace       used 60186K, committed 61568K, reserved 1114112K
  class space    used 7597K, committed 8192K, reserved 1048576K
}
Event: 35.024 GC heap after
{Heap after GC invocations=37 (full 3):
 PSYoungGen      total 23040K, used 646K [0x00000000d5580000, 0x00000000d7280000, 0x0000000100000000)
  eden space 22016K, 0% used [0x00000000d5580000,0x00000000d5580000,0x00000000d6b00000)
  from space 1024K, 63% used [0x00000000d7180000,0x00000000d7221ab0,0x00000000d7280000)
  to   space 1024K, 0% used [0x00000000d7080000,0x00000000d7080000,0x00000000d7180000)
 ParOldGen       total 68608K, used 40453K [0x0000000080000000, 0x0000000084300000, 0x00000000d5580000)
  object space 68608K, 58% used [0x0000000080000000,0x0000000082781588,0x0000000084300000)
 Metaspace       used 60186K, committed 61568K, reserved 1114112K
  class space    used 7597K, committed 8192K, reserved 1048576K
}
Event: 35.619 GC heap before
{Heap before GC invocations=38 (full 3):
 PSYoungGen      total 23040K, used 22662K [0x00000000d5580000, 0x00000000d7280000, 0x0000000100000000)
  eden space 22016K, 100% used [0x00000000d5580000,0x00000000d6b00000,0x00000000d6b00000)
  from space 1024K, 63% used [0x00000000d7180000,0x00000000d7221ab0,0x00000000d7280000)
  to   space 1024K, 0% used [0x00000000d7080000,0x00000000d7080000,0x00000000d7180000)
 ParOldGen       total 68608K, used 40453K [0x0000000080000000, 0x0000000084300000, 0x00000000d5580000)
  object space 68608K, 58% used [0x0000000080000000,0x0000000082781588,0x0000000084300000)
 Metaspace       used 60186K, committed 61568K, reserved 1114112K
  class space    used 7597K, committed 8192K, reserved 1048576K
}
Event: 35.620 GC heap after
{Heap after GC invocations=38 (full 3):
 PSYoungGen      total 23040K, used 811K [0x00000000d5580000, 0x00000000d7200000, 0x0000000100000000)
  eden space 22016K, 0% used [0x00000000d5580000,0x00000000d5580000,0x00000000d6b00000)
  from space 1024K, 79% used [0x00000000d7080000,0x00000000d714ac08,0x00000000d7180000)
  to   space 512K, 0% used [0x00000000d7180000,0x00000000d7180000,0x00000000d7200000)
 ParOldGen       total 68608K, used 40469K [0x0000000080000000, 0x0000000084300000, 0x00000000d5580000)
  object space 68608K, 58% used [0x0000000080000000,0x0000000082785588,0x0000000084300000)
 Metaspace       used 60186K, committed 61568K, reserved 1114112K
  class space    used 7597K, committed 8192K, reserved 1048576K
}
Event: 36.204 GC heap before
{Heap before GC invocations=39 (full 3):
 PSYoungGen      total 23040K, used 22827K [0x00000000d5580000, 0x00000000d7200000, 0x0000000100000000)
  eden space 22016K, 100% used [0x00000000d5580000,0x00000000d6b00000,0x00000000d6b00000)
  from space 1024K, 79% used [0x00000000d7080000,0x00000000d714ac08,0x00000000d7180000)
  to   space 512K, 0% used [0x00000000d7180000,0x00000000d7180000,0x00000000d7200000)
 ParOldGen       total 68608K, used 40469K [0x0000000080000000, 0x0000000084300000, 0x00000000d5580000)
  object space 68608K, 58% used [0x0000000080000000,0x0000000082785588,0x0000000084300000)
 Metaspace       used 60187K, committed 61568K, reserved 1114112K
  class space    used 7597K, committed 8192K, reserved 1048576K
}
Event: 36.207 GC heap after
{Heap after GC invocations=39 (full 3):
 PSYoungGen      total 22528K, used 499K [0x00000000d5580000, 0x00000000d7200000, 0x0000000100000000)
  eden space 22016K, 0% used [0x00000000d5580000,0x00000000d5580000,0x00000000d6b00000)
  from space 512K, 97% used [0x00000000d7180000,0x00000000d71fcc00,0x00000000d7200000)
  to   space 1024K, 0% used [0x00000000d7000000,0x00000000d7000000,0x00000000d7100000)
 ParOldGen       total 68608K, used 40605K [0x0000000080000000, 0x0000000084300000, 0x00000000d5580000)
  object space 68608K, 59% used [0x0000000080000000,0x00000000827a77c8,0x0000000084300000)
 Metaspace       used 60187K, committed 61568K, reserved 1114112K
  class space    used 7597K, committed 8192K, reserved 1048576K
}
Event: 36.537 GC heap before
{Heap before GC invocations=40 (full 3):
 PSYoungGen      total 22528K, used 22515K [0x00000000d5580000, 0x00000000d7200000, 0x0000000100000000)
  eden space 22016K, 100% used [0x00000000d5580000,0x00000000d6b00000,0x00000000d6b00000)
  from space 512K, 97% used [0x00000000d7180000,0x00000000d71fcc00,0x00000000d7200000)
  to   space 1024K, 0% used [0x00000000d7000000,0x00000000d7000000,0x00000000d7100000)
 ParOldGen       total 68608K, used 40605K [0x0000000080000000, 0x0000000084300000, 0x00000000d5580000)
  object space 68608K, 59% used [0x0000000080000000,0x00000000827a77c8,0x0000000084300000)
 Metaspace       used 60187K, committed 61568K, reserved 1114112K
  class space    used 7597K, committed 8192K, reserved 1048576K
}
Event: 36.540 GC heap after
{Heap after GC invocations=40 (full 3):
 PSYoungGen      total 23040K, used 324K [0x00000000d5580000, 0x00000000d7200000, 0x0000000100000000)
  eden space 22016K, 0% used [0x00000000d5580000,0x00000000d5580000,0x00000000d6b00000)
  from space 1024K, 31% used [0x00000000d7000000,0x00000000d7051390,0x00000000d7100000)
  to   space 512K, 0% used [0x00000000d7180000,0x00000000d7180000,0x00000000d7200000)
 ParOldGen       total 68608K, used 40621K [0x0000000080000000, 0x0000000084300000, 0x00000000d5580000)
  object space 68608K, 59% used [0x0000000080000000,0x00000000827ab7c8,0x0000000084300000)
 Metaspace       used 60187K, committed 61568K, reserved 1114112K
  class space    used 7597K, committed 8192K, reserved 1048576K
}
Event: 37.076 GC heap before
{Heap before GC invocations=41 (full 3):
 PSYoungGen      total 23040K, used 22340K [0x00000000d5580000, 0x00000000d7200000, 0x0000000100000000)
  eden space 22016K, 100% used [0x00000000d5580000,0x00000000d6b00000,0x00000000d6b00000)
  from space 1024K, 31% used [0x00000000d7000000,0x00000000d7051390,0x00000000d7100000)
  to   space 512K, 0% used [0x00000000d7180000,0x00000000d7180000,0x00000000d7200000)
 ParOldGen       total 68608K, used 40621K [0x0000000080000000, 0x0000000084300000, 0x00000000d5580000)
  object space 68608K, 59% used [0x0000000080000000,0x00000000827ab7c8,0x0000000084300000)
 Metaspace       used 60772K, committed 62144K, reserved 1114112K
  class space    used 7671K, committed 8320K, reserved 1048576K
}
Event: 37.077 GC heap after
{Heap after GC invocations=41 (full 3):
 PSYoungGen      total 22528K, used 368K [0x00000000d5580000, 0x00000000d7200000, 0x0000000100000000)
  eden space 22016K, 0% used [0x00000000d5580000,0x00000000d5580000,0x00000000d6b00000)
  from space 512K, 71% used [0x00000000d7180000,0x00000000d71dc010,0x00000000d7200000)
  to   space 512K, 0% used [0x00000000d7100000,0x00000000d7100000,0x00000000d7180000)
 ParOldGen       total 68608K, used 40637K [0x0000000080000000, 0x0000000084300000, 0x00000000d5580000)
  object space 68608K, 59% used [0x0000000080000000,0x00000000827af7c8,0x0000000084300000)
 Metaspace       used 60772K, committed 62144K, reserved 1114112K
  class space    used 7671K, committed 8320K, reserved 1048576K
}
Event: 38.802 GC heap before
{Heap before GC invocations=42 (full 3):
 PSYoungGen      total 22528K, used 22384K [0x00000000d5580000, 0x00000000d7200000, 0x0000000100000000)
  eden space 22016K, 100% used [0x00000000d5580000,0x00000000d6b00000,0x00000000d6b00000)
  from space 512K, 71% used [0x00000000d7180000,0x00000000d71dc010,0x00000000d7200000)
  to   space 512K, 0% used [0x00000000d7100000,0x00000000d7100000,0x00000000d7180000)
 ParOldGen       total 68608K, used 40637K [0x0000000080000000, 0x0000000084300000, 0x00000000d5580000)
  object space 68608K, 59% used [0x0000000080000000,0x00000000827af7c8,0x0000000084300000)
 Metaspace       used 63023K, committed 64448K, reserved 1114112K
  class space    used 8019K, committed 8640K, reserved 1048576K
}
Event: 38.804 GC heap after
{Heap after GC invocations=42 (full 3):
 PSYoungGen      total 22528K, used 498K [0x00000000d5580000, 0x00000000d7200000, 0x0000000100000000)
  eden space 22016K, 0% used [0x00000000d5580000,0x00000000d5580000,0x00000000d6b00000)
  from space 512K, 97% used [0x00000000d7100000,0x00000000d717ca28,0x00000000d7180000)
  to   space 512K, 0% used [0x00000000d7180000,0x00000000d7180000,0x00000000d7200000)
 ParOldGen       total 68608K, used 41030K [0x0000000080000000, 0x0000000084300000, 0x00000000d5580000)
  object space 68608K, 59% used [0x0000000080000000,0x0000000082811ba8,0x0000000084300000)
 Metaspace       used 63023K, committed 64448K, reserved 1114112K
  class space    used 8019K, committed 8640K, reserved 1048576K
}
Event: 72.533 GC heap before
{Heap before GC invocations=43 (full 3):
 PSYoungGen      total 22528K, used 22514K [0x00000000d5580000, 0x00000000d7200000, 0x0000000100000000)
  eden space 22016K, 100% used [0x00000000d5580000,0x00000000d6b00000,0x00000000d6b00000)
  from space 512K, 97% used [0x00000000d7100000,0x00000000d717ca28,0x00000000d7180000)
  to   space 512K, 0% used [0x00000000d7180000,0x00000000d7180000,0x00000000d7200000)
 ParOldGen       total 68608K, used 41030K [0x0000000080000000, 0x0000000084300000, 0x00000000d5580000)
  object space 68608K, 59% used [0x0000000080000000,0x0000000082811ba8,0x0000000084300000)
 Metaspace       used 64316K, committed 65728K, reserved 1114112K
  class space    used 8156K, committed 8768K, reserved 1048576K
}
Event: 72.538 GC heap after
{Heap after GC invocations=43 (full 3):
 PSYoungGen      total 22528K, used 512K [0x00000000d5580000, 0x00000000d7200000, 0x0000000100000000)
  eden space 22016K, 0% used [0x00000000d5580000,0x00000000d5580000,0x00000000d6b00000)
  from space 512K, 100% used [0x00000000d7180000,0x00000000d7200000,0x00000000d7200000)
  to   space 1536K, 0% used [0x00000000d6f00000,0x00000000d6f00000,0x00000000d7080000)
 ParOldGen       total 68608K, used 41644K [0x0000000080000000, 0x0000000084300000, 0x00000000d5580000)
  object space 68608K, 60% used [0x0000000080000000,0x00000000828ab160,0x0000000084300000)
 Metaspace       used 64316K, committed 65728K, reserved 1114112K
  class space    used 8156K, committed 8768K, reserved 1048576K
}

