# JRE version: OpenJDK Runtime Environment Temurin-21.0.10+7 (21.0.10+7) (build 21.0.10+7-LTS)
# Java VM: OpenJDK 64-Bit Server VM Temurin-21.0.10+7 (21.0.10+7-LTS, mixed mode, sharing, tiered, compressed oops, compressed class ptrs, parallel gc, windows-amd64)
GC Precious Log:
 CardTable entry size: 512
 CPUs: 8 total, 8 available
 Memory: 16118M
 Large Page Support: Disabled
 NUMA Support: Disabled
 Compressed Oops: Enabled (32-bit)
 Alignments: Space 512K, Generation 512K, Heap 2M
 Heap Min Capacity: 100M
 Heap Initial Capacity: 100M
 Heap Max Capacity: 2G
 Pre-touch: Disabled
 Parallel Workers: 8
Heap:
 PSYoungGen      total 25600K, used 22809K [0x00000000d5580000, 0x00000000d7c80000, 0x0000000100000000)
  eden space 21504K, 87% used [0x00000000d5580000,0x00000000d67cae00,0x00000000d6a80000)
  from space 4096K, 99% used [0x00000000d6a80000,0x00000000d6e7b7d0,0x00000000d6e80000)
  to   space 9216K, 0% used [0x00000000d7380000,0x00000000d7380000,0x00000000d7c80000)
 ParOldGen       total 68608K, used 25481K [0x0000000080000000, 0x0000000084300000, 0x00000000d5580000)
  object space 68608K, 37% used [0x0000000080000000,0x00000000818e2738,0x0000000084300000)
 Metaspace       used 43470K, committed 44608K, reserved 1114112K
  class space    used 4899K, committed 5376K, reserved 1048576K
GC Heap History (20 events):
Event: 9.216 GC heap before
{Heap before GC invocations=10 (full 1):
 PSYoungGen      total 25088K, used 24998K [0x00000000d5580000, 0x00000000d7380000, 0x0000000100000000)
  eden space 24064K, 100% used [0x00000000d5580000,0x00000000d6d00000,0x00000000d6d00000)
  from space 1024K, 91% used [0x00000000d7280000,0x00000000d7369898,0x00000000d7380000)
  to   space 2560K, 0% used [0x00000000d6e80000,0x00000000d6e80000,0x00000000d7100000)
 ParOldGen       total 68608K, used 13434K [0x0000000080000000, 0x0000000084300000, 0x00000000d5580000)
  object space 68608K, 19% used [0x0000000080000000,0x0000000080d1e998,0x0000000084300000)
 Metaspace       used 26794K, committed 27712K, reserved 1114112K
  class space    used 2739K, committed 3136K, reserved 1048576K
}
Event: 9.219 GC heap after
{Heap after GC invocations=10 (full 1):
 PSYoungGen      total 26112K, used 1354K [0x00000000d5580000, 0x00000000d7300000, 0x0000000100000000)
  eden space 23552K, 0% used [0x00000000d5580000,0x00000000d5580000,0x00000000d6c80000)
  from space 2560K, 52% used [0x00000000d6e80000,0x00000000d6fd2a20,0x00000000d7100000)
  to   space 1536K, 0% used [0x00000000d7180000,0x00000000d7180000,0x00000000d7300000)
 ParOldGen       total 68608K, used 13442K [0x0000000080000000, 0x0000000084300000, 0x00000000d5580000)
  object space 68608K, 19% used [0x0000000080000000,0x0000000080d20998,0x0000000084300000)
 Metaspace       used 26794K, committed 27712K, reserved 1114112K
  class space    used 2739K, committed 3136K, reserved 1048576K
}
Event: 9.688 GC heap before
{Heap before GC invocations=11 (full 1):
 PSYoungGen      total 26112K, used 24902K [0x00000000d5580000, 0x00000000d7300000, 0x0000000100000000)
  eden space 23552K, 99% used [0x00000000d5580000,0x00000000d6c7edf0,0x00000000d6c80000)
  from space 2560K, 52% used [0x00000000d6e80000,0x00000000d6fd2a20,0x00000000d7100000)
  to   space 1536K, 0% used [0x00000000d7180000,0x00000000d7180000,0x00000000d7300000)
 ParOldGen       total 68608K, used 13442K [0x0000000080000000, 0x0000000084300000, 0x00000000d5580000)
  object space 68608K, 19% used [0x0000000080000000,0x0000000080d20998,0x0000000084300000)
 Metaspace       used 29487K, committed 30528K, reserved 1114112K
  class space    used 3048K, committed 3520K, reserved 1048576K
}
Event: 9.693 GC heap after
{Heap after GC invocations=11 (full 1):
 PSYoungGen      total 24576K, used 1534K [0x00000000d5580000, 0x00000000d7500000, 0x0000000100000000)
  eden space 23040K, 0% used [0x00000000d5580000,0x00000000d5580000,0x00000000d6c00000)
  from space 1536K, 99% used [0x00000000d7180000,0x00000000d72ffbb8,0x00000000d7300000)
  to   space 4608K, 0% used [0x00000000d6c00000,0x00000000d6c00000,0x00000000d7080000)
 ParOldGen       total 68608K, used 15967K [0x0000000080000000, 0x0000000084300000, 0x00000000d5580000)
  object space 68608K, 23% used [0x0000000080000000,0x0000000080f97de0,0x0000000084300000)
 Metaspace       used 29487K, committed 30528K, reserved 1114112K
  class space    used 3048K, committed 3520K, reserved 1048576K
}
Event: 10.265 GC heap before
{Heap before GC invocations=12 (full 1):
 PSYoungGen      total 24576K, used 24574K [0x00000000d5580000, 0x00000000d7500000, 0x0000000100000000)
  eden space 23040K, 100% used [0x00000000d5580000,0x00000000d6c00000,0x00000000d6c00000)
  from space 1536K, 99% used [0x00000000d7180000,0x00000000d72ffbb8,0x00000000d7300000)
  to   space 4608K, 0% used [0x00000000d6c00000,0x00000000d6c00000,0x00000000d7080000)
 ParOldGen       total 68608K, used 15967K [0x0000000080000000, 0x0000000084300000, 0x00000000d5580000)
  object space 68608K, 23% used [0x0000000080000000,0x0000000080f97de0,0x0000000084300000)
 Metaspace       used 31403K, committed 32448K, reserved 1114112K
  class space    used 3288K, committed 3712K, reserved 1048576K
}
Event: 10.268 GC heap after
{Heap after GC invocations=12 (full 1):
 PSYoungGen      total 23040K, used 448K [0x00000000d5580000, 0x00000000d7200000, 0x0000000100000000)
  eden space 22528K, 0% used [0x00000000d5580000,0x00000000d5580000,0x00000000d6b80000)
  from space 512K, 87% used [0x00000000d6c00000,0x00000000d6c70000,0x00000000d6c80000)
  to   space 2048K, 0% used [0x00000000d7000000,0x00000000d7000000,0x00000000d7200000)
 ParOldGen       total 68608K, used 17346K [0x0000000080000000, 0x0000000084300000, 0x00000000d5580000)
  object space 68608K, 25% used [0x0000000080000000,0x00000000810f0b20,0x0000000084300000)
 Metaspace       used 31403K, committed 32448K, reserved 1114112K
  class space    used 3288K, committed 3712K, reserved 1048576K
}
Event: 11.297 GC heap before
{Heap before GC invocations=13 (full 1):
 PSYoungGen      total 23040K, used 22976K [0x00000000d5580000, 0x00000000d7200000, 0x0000000100000000)
  eden space 22528K, 100% used [0x00000000d5580000,0x00000000d6b80000,0x00000000d6b80000)
  from space 512K, 87% used [0x00000000d6c00000,0x00000000d6c70000,0x00000000d6c80000)
  to   space 2048K, 0% used [0x00000000d7000000,0x00000000d7000000,0x00000000d7200000)
 ParOldGen       total 68608K, used 17346K [0x0000000080000000, 0x0000000084300000, 0x00000000d5580000)
  object space 68608K, 25% used [0x0000000080000000,0x00000000810f0b20,0x0000000084300000)
 Metaspace       used 32738K, committed 33856K, reserved 1114112K
  class space    used 3459K, committed 3904K, reserved 1048576K
}
Event: 11.302 GC heap after
{Heap after GC invocations=13 (full 1):
 PSYoungGen      total 24064K, used 1814K [0x00000000d5580000, 0x00000000d7200000, 0x0000000100000000)
  eden space 22016K, 0% used [0x00000000d5580000,0x00000000d5580000,0x00000000d6b00000)
  from space 2048K, 88% used [0x00000000d7000000,0x00000000d71c5ad0,0x00000000d7200000)
  to   space 2560K, 0% used [0x00000000d6d00000,0x00000000d6d00000,0x00000000d6f80000)
 ParOldGen       total 68608K, used 17602K [0x0000000080000000, 0x0000000084300000, 0x00000000d5580000)
  object space 68608K, 25% used [0x0000000080000000,0x0000000081130b60,0x0000000084300000)
 Metaspace       used 32738K, committed 33856K, reserved 1114112K
  class space    used 3459K, committed 3904K, reserved 1048576K
}
Event: 11.902 GC heap before
{Heap before GC invocations=14 (full 1):
 PSYoungGen      total 24064K, used 23830K [0x00000000d5580000, 0x00000000d7200000, 0x0000000100000000)
  eden space 22016K, 100% used [0x00000000d5580000,0x00000000d6b00000,0x00000000d6b00000)
  from space 2048K, 88% used [0x00000000d7000000,0x00000000d71c5ad0,0x00000000d7200000)
  to   space 2560K, 0% used [0x00000000d6d00000,0x00000000d6d00000,0x00000000d6f80000)
 ParOldGen       total 68608K, used 17602K [0x0000000080000000, 0x0000000084300000, 0x00000000d5580000)
  object space 68608K, 25% used [0x0000000080000000,0x0000000081130b60,0x0000000084300000)
 Metaspace       used 34819K, committed 35840K, reserved 1114112K
  class space    used 3700K, committed 4096K, reserved 1048576K
}
Event: 11.908 GC heap after
{Heap after GC invocations=14 (full 1):
 PSYoungGen      total 23552K, used 1207K [0x00000000d5580000, 0x00000000d7080000, 0x0000000100000000)
  eden space 22016K, 0% used [0x00000000d5580000,0x00000000d5580000,0x00000000d6b00000)
  from space 1536K, 78% used [0x00000000d6d00000,0x00000000d6e2dc88,0x00000000d6e80000)
  to   space 1536K, 0% used [0x00000000d6f00000,0x00000000d6f00000,0x00000000d7080000)
 ParOldGen       total 68608K, used 19194K [0x0000000080000000, 0x0000000084300000, 0x00000000d5580000)
  object space 68608K, 27% used [0x0000000080000000,0x00000000812beb60,0x0000000084300000)
 Metaspace       used 34819K, committed 35840K, reserved 1114112K
  class space    used 3700K, committed 4096K, reserved 1048576K
}
Event: 11.910 GC heap before
{Heap before GC invocations=15 (full 1):
 PSYoungGen      total 23552K, used 1674K [0x00000000d5580000, 0x00000000d7080000, 0x0000000100000000)
  eden space 22016K, 2% used [0x00000000d5580000,0x00000000d55f4f00,0x00000000d6b00000)
  from space 1536K, 78% used [0x00000000d6d00000,0x00000000d6e2dc88,0x00000000d6e80000)
  to   space 1536K, 0% used [0x00000000d6f00000,0x00000000d6f00000,0x00000000d7080000)
 ParOldGen       total 68608K, used 19194K [0x0000000080000000, 0x0000000084300000, 0x00000000d5580000)
  object space 68608K, 27% used [0x0000000080000000,0x00000000812beb60,0x0000000084300000)
 Metaspace       used 34829K, committed 35840K, reserved 1114112K
  class space    used 3701K, committed 4096K, reserved 1048576K
}
Event: 11.914 GC heap after
{Heap after GC invocations=15 (full 1):
 PSYoungGen      total 22528K, used 276K [0x00000000d5580000, 0x00000000d6f80000, 0x0000000100000000)
  eden space 22016K, 0% used [0x00000000d5580000,0x00000000d5580000,0x00000000d6b00000)
  from space 512K, 53% used [0x00000000d6f00000,0x00000000d6f450e8,0x00000000d6f80000)
  to   space 1024K, 0% used [0x00000000d6d80000,0x00000000d6d80000,0x00000000d6e80000)
 ParOldGen       total 68608K, used 20263K [0x0000000080000000, 0x0000000084300000, 0x00000000d5580000)
  object space 68608K, 29% used [0x0000000080000000,0x00000000813c9e50,0x0000000084300000)
 Metaspace       used 34829K, committed 35840K, reserved 1114112K
  class space    used 3701K, committed 4096K, reserved 1048576K
}
Event: 11.914 GC heap before
{Heap before GC invocations=16 (full 2):
 PSYoungGen      total 22528K, used 276K [0x00000000d5580000, 0x00000000d6f80000, 0x0000000100000000)
  eden space 22016K, 0% used [0x00000000d5580000,0x00000000d5580000,0x00000000d6b00000)
  from space 512K, 53% used [0x00000000d6f00000,0x00000000d6f450e8,0x00000000d6f80000)
  to   space 1024K, 0% used [0x00000000d6d80000,0x00000000d6d80000,0x00000000d6e80000)
 ParOldGen       total 68608K, used 20263K [0x0000000080000000, 0x0000000084300000, 0x00000000d5580000)
  object space 68608K, 29% used [0x0000000080000000,0x00000000813c9e50,0x0000000084300000)
 Metaspace       used 34829K, committed 35840K, reserved 1114112K
  class space    used 3701K, committed 4096K, reserved 1048576K
}
Event: 12.008 GC heap after
{Heap after GC invocations=16 (full 2):
 PSYoungGen      total 22528K, used 0K [0x00000000d5580000, 0x00000000d6f80000, 0x0000000100000000)
  eden space 22016K, 0% used [0x00000000d5580000,0x00000000d5580000,0x00000000d6b00000)
  from space 512K, 0% used [0x00000000d6f00000,0x00000000d6f00000,0x00000000d6f80000)
  to   space 1024K, 0% used [0x00000000d6d80000,0x00000000d6d80000,0x00000000d6e80000)
 ParOldGen       total 68608K, used 18937K [0x0000000080000000, 0x0000000084300000, 0x00000000d5580000)
  object space 68608K, 27% used [0x0000000080000000,0x000000008127e638,0x0000000084300000)
 Metaspace       used 34808K, committed 35840K, reserved 1114112K
  class space    used 3695K, committed 4096K, reserved 1048576K
}
Event: 12.485 GC heap before
{Heap before GC invocations=17 (full 2):
 PSYoungGen      total 22528K, used 22016K [0x00000000d5580000, 0x00000000d6f80000, 0x0000000100000000)
  eden space 22016K, 100% used [0x00000000d5580000,0x00000000d6b00000,0x00000000d6b00000)
  from space 512K, 0% used [0x00000000d6f00000,0x00000000d6f00000,0x00000000d6f80000)
  to   space 1024K, 0% used [0x00000000d6d80000,0x00000000d6d80000,0x00000000d6e80000)
 ParOldGen       total 68608K, used 18950K [0x0000000080000000, 0x0000000084300000, 0x00000000d5580000)
  object space 68608K, 27% used [0x0000000080000000,0x0000000081281b70,0x0000000084300000)
 Metaspace       used 37793K, committed 38976K, reserved 1114112K
  class space    used 4121K, committed 4608K, reserved 1048576K
}
Event: 12.488 GC heap after
{Heap after GC invocations=17 (full 2):
 PSYoungGen      total 23040K, used 960K [0x00000000d5580000, 0x00000000d6f80000, 0x0000000100000000)
  eden space 22016K, 0% used [0x00000000d5580000,0x00000000d5580000,0x00000000d6b00000)
  from space 1024K, 93% used [0x00000000d6d80000,0x00000000d6e70000,0x00000000d6e80000)
  to   space 1024K, 0% used [0x00000000d6e80000,0x00000000d6e80000,0x00000000d6f80000)
 ParOldGen       total 68608K, used 18958K [0x0000000080000000, 0x0000000084300000, 0x00000000d5580000)
  object space 68608K, 27% used [0x0000000080000000,0x0000000081283b70,0x0000000084300000)
 Metaspace       used 37793K, committed 38976K, reserved 1114112K
  class space    used 4121K, committed 4608K, reserved 1048576K
}
Event: 13.054 GC heap before
{Heap before GC invocations=18 (full 2):
 PSYoungGen      total 23040K, used 22976K [0x00000000d5580000, 0x00000000d6f80000, 0x0000000100000000)
  eden space 22016K, 100% used [0x00000000d5580000,0x00000000d6b00000,0x00000000d6b00000)
  from space 1024K, 93% used [0x00000000d6d80000,0x00000000d6e70000,0x00000000d6e80000)
  to   space 1024K, 0% used [0x00000000d6e80000,0x00000000d6e80000,0x00000000d6f80000)
 ParOldGen       total 68608K, used 18961K [0x0000000080000000, 0x0000000084300000, 0x00000000d5580000)
  object space 68608K, 27% used [0x0000000080000000,0x0000000081284468,0x0000000084300000)
 Metaspace       used 40126K, committed 41216K, reserved 1114112K
  class space    used 4400K, committed 4864K, reserved 1048576K
}
Event: 13.059 GC heap after
{Heap after GC invocations=18 (full 2):
 PSYoungGen      total 22528K, used 996K [0x00000000d5580000, 0x00000000d7300000, 0x0000000100000000)
  eden space 21504K, 0% used [0x00000000d5580000,0x00000000d5580000,0x00000000d6a80000)
  from space 1024K, 97% used [0x00000000d6e80000,0x00000000d6f790c8,0x00000000d6f80000)
  to   space 4096K, 0% used [0x00000000d6a80000,0x00000000d6a80000,0x00000000d6e80000)
 ParOldGen       total 68608K, used 21295K [0x0000000080000000, 0x0000000084300000, 0x00000000d5580000)
  object space 68608K, 31% used [0x0000000080000000,0x00000000814cbdc8,0x0000000084300000)
 Metaspace       used 40126K, committed 41216K, reserved 1114112K
  class space    used 4400K, committed 4864K, reserved 1048576K
}
Event: 13.604 GC heap before
{Heap before GC invocations=19 (full 2):
 PSYoungGen      total 22528K, used 22500K [0x00000000d5580000, 0x00000000d7300000, 0x0000000100000000)
  eden space 21504K, 100% used [0x00000000d5580000,0x00000000d6a80000,0x00000000d6a80000)
  from space 1024K, 97% used [0x00000000d6e80000,0x00000000d6f790c8,0x00000000d6f80000)
  to   space 4096K, 0% used [0x00000000d6a80000,0x00000000d6a80000,0x00000000d6e80000)
 ParOldGen       total 68608K, used 21295K [0x0000000080000000, 0x0000000084300000, 0x00000000d5580000)
  object space 68608K, 31% used [0x0000000080000000,0x00000000814cbdc8,0x0000000084300000)
 Metaspace       used 41577K, committed 42816K, reserved 1114112K
  class space    used 4602K, committed 5120K, reserved 1048576K
}
Event: 13.610 GC heap after
{Heap after GC invocations=19 (full 2):
 PSYoungGen      total 25600K, used 4077K [0x00000000d5580000, 0x00000000d7c80000, 0x0000000100000000)
  eden space 21504K, 0% used [0x00000000d5580000,0x00000000d5580000,0x00000000d6a80000)
  from space 4096K, 99% used [0x00000000d6a80000,0x00000000d6e7b7d0,0x00000000d6e80000)
  to   space 9216K, 0% used [0x00000000d7380000,0x00000000d7380000,0x00000000d7c80000)
 ParOldGen       total 68608K, used 25481K [0x0000000080000000, 0x0000000084300000, 0x00000000d5580000)
  object space 68608K, 37% used [0x0000000080000000,0x00000000818e2738,0x0000000084300000)
 Metaspace       used 41577K, committed 42816K, reserved 1114112K
  class space    used 4602K, committed 5120K, reserved 1048576K
}

