# JRE version: Java(TM) SE Runtime Environment (21.0.7+8) (build 21.0.7+8-LTS-245)
# Java VM: Java HotSpot(TM) 64-Bit Server VM (21.0.7+8-LTS-245, mixed mode, sharing, tiered, compressed oops, compressed class ptrs, g1 gc, windows-amd64)
GC Precious Log:
 CardTable entry size: 512
 Card Set container configuration: InlinePtr #cards 5 size 8 Array Of Cards #cards 12 size 40 Howl #buckets 4 coarsen threshold 1843 Howl Bitmap #cards 512 size 80 coarsen threshold 460 Card regions per heap region 1 cards per card region 2048
 CPUs: 8 total, 8 available
 Memory: 16118M
 Large Page Support: Disabled
 NUMA Support: Disabled
 Compressed Oops: Enabled (32-bit)
 Heap Region Size: 1M
 Heap Min Capacity: 8M
 Heap Initial Capacity: 252M
 Heap Max Capacity: 2G
 Pre-touch: Disabled
 Parallel Workers: 8
 Concurrent Workers: 2
 Concurrent Refinement Workers: 8
 Periodic GC: Disabled
Heap:
 garbage-first heap   total 211968K, used 137683K [0x0000000080000000, 0x0000000100000000)
  region size 1024K, 19 young (19456K), 5 survivors (5120K)
 Metaspace       used 105516K, committed 108224K, reserved 557056K
  class space    used 14503K, committed 15808K, reserved 425984K
GC Heap History (20 events):
Event: 89.754 GC heap before
{Heap before GC invocations=43 (full 0):
 garbage-first heap   total 150528K, used 132931K [0x0000000080000000, 0x0000000100000000)
  region size 1024K, 47 young (48128K), 7 survivors (7168K)
 Metaspace       used 90410K, committed 92992K, reserved 557056K
  class space    used 12570K, committed 13824K, reserved 425984K
}
Event: 89.768 GC heap after
{Heap after GC invocations=44 (full 0):
 garbage-first heap   total 150528K, used 95558K [0x0000000080000000, 0x0000000100000000)
  region size 1024K, 3 young (3072K), 3 survivors (3072K)
 Metaspace       used 90410K, committed 92992K, reserved 557056K
  class space    used 12570K, committed 13824K, reserved 425984K
}
Event: 91.534 GC heap before
{Heap before GC invocations=45 (full 0):
 garbage-first heap   total 168960K, used 136518K [0x0000000080000000, 0x0000000100000000)
  region size 1024K, 44 young (45056K), 3 survivors (3072K)
 Metaspace       used 90432K, committed 92992K, reserved 557056K
  class space    used 12569K, committed 13824K, reserved 425984K
}
Event: 91.545 GC heap after
{Heap after GC invocations=46 (full 0):
 garbage-first heap   total 168960K, used 96179K [0x0000000080000000, 0x0000000100000000)
  region size 1024K, 3 young (3072K), 3 survivors (3072K)
 Metaspace       used 90432K, committed 92992K, reserved 557056K
  class space    used 12569K, committed 13824K, reserved 425984K
}
Event: 93.418 GC heap before
{Heap before GC invocations=46 (full 0):
 garbage-first heap   total 168960K, used 154547K [0x0000000080000000, 0x0000000100000000)
  region size 1024K, 61 young (62464K), 3 survivors (3072K)
 Metaspace       used 90439K, committed 92992K, reserved 557056K
  class space    used 12570K, committed 13824K, reserved 425984K
}
Event: 93.427 GC heap after
{Heap after GC invocations=47 (full 0):
 garbage-first heap   total 168960K, used 97302K [0x0000000080000000, 0x0000000100000000)
  region size 1024K, 5 young (5120K), 5 survivors (5120K)
 Metaspace       used 90439K, committed 92992K, reserved 557056K
  class space    used 12570K, committed 13824K, reserved 425984K
}
Event: 94.138 GC heap before
{Heap before GC invocations=47 (full 0):
 garbage-first heap   total 168960K, used 100374K [0x0000000080000000, 0x0000000100000000)
  region size 1024K, 9 young (9216K), 5 survivors (5120K)
 Metaspace       used 90518K, committed 93120K, reserved 557056K
  class space    used 12584K, committed 13824K, reserved 425984K
}
Event: 94.147 GC heap after
{Heap after GC invocations=48 (full 0):
 garbage-first heap   total 168960K, used 97844K [0x0000000080000000, 0x0000000100000000)
  region size 1024K, 4 young (4096K), 4 survivors (4096K)
 Metaspace       used 90518K, committed 93120K, reserved 557056K
  class space    used 12584K, committed 13824K, reserved 425984K
}
Event: 103.516 GC heap before
{Heap before GC invocations=49 (full 0):
 garbage-first heap   total 168960K, used 160308K [0x0000000080000000, 0x0000000100000000)
  region size 1024K, 59 young (60416K), 4 survivors (4096K)
 Metaspace       used 93897K, committed 96576K, reserved 557056K
  class space    used 12968K, committed 14272K, reserved 425984K
}
Event: 103.529 GC heap after
{Heap after GC invocations=50 (full 0):
 garbage-first heap   total 173056K, used 110912K [0x0000000080000000, 0x0000000100000000)
  region size 1024K, 8 young (8192K), 8 survivors (8192K)
 Metaspace       used 93897K, committed 96576K, reserved 557056K
  class space    used 12968K, committed 14272K, reserved 425984K
}
Event: 106.719 GC heap before
{Heap before GC invocations=50 (full 0):
 garbage-first heap   total 173056K, used 155968K [0x0000000080000000, 0x0000000100000000)
  region size 1024K, 51 young (52224K), 8 survivors (8192K)
 Metaspace       used 96654K, committed 99264K, reserved 557056K
  class space    used 13285K, committed 14528K, reserved 425984K
}
Event: 106.733 GC heap after
{Heap after GC invocations=51 (full 0):
 garbage-first heap   total 173056K, used 115012K [0x0000000080000000, 0x0000000100000000)
  region size 1024K, 4 young (4096K), 4 survivors (4096K)
 Metaspace       used 96654K, committed 99264K, reserved 557056K
  class space    used 13285K, committed 14528K, reserved 425984K
}
Event: 106.758 GC heap before
{Heap before GC invocations=51 (full 0):
 garbage-first heap   total 173056K, used 116036K [0x0000000080000000, 0x0000000100000000)
  region size 1024K, 6 young (6144K), 4 survivors (4096K)
 Metaspace       used 96654K, committed 99264K, reserved 557056K
  class space    used 13285K, committed 14528K, reserved 425984K
}
Event: 106.764 GC heap after
{Heap after GC invocations=52 (full 0):
 garbage-first heap   total 173056K, used 116187K [0x0000000080000000, 0x0000000100000000)
  region size 1024K, 5 young (5120K), 5 survivors (5120K)
 Metaspace       used 96654K, committed 99264K, reserved 557056K
  class space    used 13285K, committed 14528K, reserved 425984K
}
Event: 109.207 GC heap before
{Heap before GC invocations=53 (full 0):
 garbage-first heap   total 211968K, used 152027K [0x0000000080000000, 0x0000000100000000)
  region size 1024K, 36 young (36864K), 5 survivors (5120K)
 Metaspace       used 98150K, committed 100864K, reserved 557056K
  class space    used 13492K, committed 14784K, reserved 425984K
}
Event: 109.216 GC heap after
{Heap after GC invocations=54 (full 0):
 garbage-first heap   total 211968K, used 117329K [0x0000000080000000, 0x0000000100000000)
  region size 1024K, 3 young (3072K), 3 survivors (3072K)
 Metaspace       used 98150K, committed 100864K, reserved 557056K
  class space    used 13492K, committed 14784K, reserved 425984K
}
Event: 114.155 GC heap before
{Heap before GC invocations=54 (full 0):
 garbage-first heap   total 211968K, used 177745K [0x0000000080000000, 0x0000000100000000)
  region size 1024K, 59 young (60416K), 3 survivors (3072K)
 Metaspace       used 101493K, committed 104192K, reserved 557056K
  class space    used 13928K, committed 15232K, reserved 425984K
}
Event: 114.168 GC heap after
{Heap after GC invocations=55 (full 0):
 garbage-first heap   total 211968K, used 122499K [0x0000000080000000, 0x0000000100000000)
  region size 1024K, 5 young (5120K), 5 survivors (5120K)
 Metaspace       used 101493K, committed 104192K, reserved 557056K
  class space    used 13928K, committed 15232K, reserved 425984K
}
Event: 117.866 GC heap before
{Heap before GC invocations=55 (full 0):
 garbage-first heap   total 211968K, used 179843K [0x0000000080000000, 0x0000000100000000)
  region size 1024K, 61 young (62464K), 5 survivors (5120K)
 Metaspace       used 104868K, committed 107520K, reserved 557056K
  class space    used 14395K, committed 15680K, reserved 425984K
}
Event: 117.876 GC heap after
{Heap after GC invocations=56 (full 0):
 garbage-first heap   total 211968K, used 124371K [0x0000000080000000, 0x0000000100000000)
  region size 1024K, 5 young (5120K), 5 survivors (5120K)
 Metaspace       used 104868K, committed 107520K, reserved 557056K
  class space    used 14395K, committed 15680K, reserved 425984K
}

